[debug] [2023-06-27T09:27:17.110Z] ----------------------------------------------------------------------
[debug] [2023-06-27T09:27:17.114Z] Command:       C:\Program Files (x86)\nodejs\node.exe C:\Users\HP\AppData\Roaming\npm\node_modules\firebase-tools\lib\bin\firebase.js init
[debug] [2023-06-27T09:27:17.115Z] CLI Version:   12.4.0
[debug] [2023-06-27T09:27:17.115Z] Platform:      win32
[debug] [2023-06-27T09:27:17.115Z] Node Version:  v18.15.0
[debug] [2023-06-27T09:27:17.117Z] Time:          Tue Jun 27 2023 14:57:17 GMT+0530 (India Standard Time)
[debug] [2023-06-27T09:27:17.117Z] ----------------------------------------------------------------------
[debug] 
[debug] [2023-06-27T09:27:17.128Z] > command requires scopes: ["email","openid","https://www.googleapis.com/auth/cloudplatformprojects.readonly","https://www.googleapis.com/auth/firebase","https://www.googleapis.com/auth/cloud-platform"]
[debug] [2023-06-27T09:27:17.129Z] > authorizing via signed-in user (manyrishabh@gmail.com)
[info] 
     ######## #### ########  ######## ########     ###     ######  ########
     ##        ##  ##     ## ##       ##     ##  ##   ##  ##       ##
     ######    ##  ########  ######   ########  #########  ######  ######
     ##        ##  ##    ##  ##       ##     ## ##     ##       ## ##
     ##       #### ##     ## ######## ########  ##     ##  ######  ########

You're about to initialize a Firebase project in this directory:

  E:\Node Js\emitence 2.0

[info] 
=== Project Setup
[info] 
[info] First, let's associate this project directory with a Firebase project.
[info] You can create multiple project aliases by running firebase use --add, 
[info] but for now we'll just set up a default project.
[info] 
[debug] [2023-06-27T09:27:33.583Z] >>> [apiv2][query] GET https://firebase.googleapis.com/v1beta1/projects pageSize=100
[debug] [2023-06-27T09:27:35.905Z] <<< [apiv2][status] GET https://firebase.googleapis.com/v1beta1/projects 200
[debug] [2023-06-27T09:27:35.905Z] <<< [apiv2][body] GET https://firebase.googleapis.com/v1beta1/projects [omitted]
[info] i  Using project emitencerealty-894ab (Emitencerealty) 
[info] 
=== Hosting Setup
[info] 
[info] Your public directory is the folder (relative to your project directory) that
[info] will contain Hosting assets to be uploaded with firebase deploy. If you
[info] have a build process for your assets, use your build's output directory.
[info] 
[debug] [2023-06-27T09:27:50.656Z] >>> [apiv2][query] GET https://www.gstatic.com/firebasejs/releases.json [none]
[debug] [2023-06-27T09:27:50.917Z] <<< [apiv2][status] GET https://www.gstatic.com/firebasejs/releases.json 200
[debug] [2023-06-27T09:27:50.917Z] <<< [apiv2][body] GET https://www.gstatic.com/firebasejs/releases.json {"current":{"version":"9.23.0","browserURL":"https://www.gstatic.com/firebasejs/9.23.0/firebase.js","packageURL":"https://www.gstatic.com/firebasejs/9.23.0/firebase.tgz"},"live":{"version":"9.23","browserURL":"https://www.gstatic.com/firebasejs/live/9.23/firebase.js","packageURL":"https://www.gstatic.com/firebasejs/live/9.23/firebase.tgz"},"components":{"analytics":"https://www.gstatic.com/firebasejs/9.23.0/firebase-analytics.js","app":"https://www.gstatic.com/firebasejs/9.23.0/firebase-app.js","app-check":"https://www.gstatic.com/firebasejs/9.23.0/firebase-app-check.js","auth":"https://www.gstatic.com/firebasejs/9.23.0/firebase-auth.js","auth/cordova":"https://www.gstatic.com/firebasejs/9.23.0/firebase-auth/cordova.js","auth/react-native":"https://www.gstatic.com/firebasejs/9.23.0/firebase-auth/react-native.js","functions":"https://www.gstatic.com/firebasejs/9.23.0/firebase-functions.js","firestore":"https://www.gstatic.com/firebasejs/9.23.0/firebase-firestore.js","firestore/lite":"https://www.gstatic.com/firebasejs/9.23.0/firebase-firestore/lite.js","installations":"https://www.gstatic.com/firebasejs/9.23.0/firebase-installations.js","storage":"https://www.gstatic.com/firebasejs/9.23.0/firebase-storage.js","performance":"https://www.gstatic.com/firebasejs/9.23.0/firebase-performance.js","remote-config":"https://www.gstatic.com/firebasejs/9.23.0/firebase-remote-config.js","messaging":"https://www.gstatic.com/firebasejs/9.23.0/firebase-messaging.js","messaging/sw":"https://www.gstatic.com/firebasejs/9.23.0/firebase-messaging/sw.js","database":"https://www.gstatic.com/firebasejs/9.23.0/firebase-database.js","firestore.memory":"https://www.gstatic.com/firebasejs/9.23.0/firebase-firestore.memory.js"}}
[info] +  Wrote yes/index.html 
[info] 
[info] i  Didn't detect a .git folder. Assuming E:\Node Js\emitence 2.0 is the project root. 
[info] i  Authorizing with GitHub to upload your service account to a GitHub repository's secrets store. 
[info] 
[info] Visit this URL on this device to log in:
[info] https://github.com/login/oauth/authorize?client_id=89cf50f02ac6aaed3484&state=882245635&redirect_uri=http%3A%2F%2Flocalhost%3A9005&scope=read%3Auser%20repo%20public_repo
[info] 
[info] Waiting for authentication...
[debug] [2023-06-27T09:28:24.817Z] >>> [apiv2][query] POST https://github.com/login/oauth/access_token [none]
[debug] [2023-06-27T09:28:24.817Z] >>> [apiv2][body] POST https://github.com/login/oauth/access_token [stream]
[debug] [2023-06-27T09:28:25.913Z] <<< [apiv2][status] POST https://github.com/login/oauth/access_token 200
[debug] [2023-06-27T09:28:25.914Z] <<< [apiv2][body] POST https://github.com/login/oauth/access_token {"access_token":"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","token_type":"bearer","scope":"read:user,repo"}
[debug] [2023-06-27T09:28:25.940Z] >>> [apiv2][query] GET https://api.github.com/user [none]
[debug] [2023-06-27T09:28:26.417Z] <<< [apiv2][status] GET https://api.github.com/user 200
[debug] [2023-06-27T09:28:26.418Z] <<< [apiv2][body] GET https://api.github.com/user {"login":"therishabhsharma03","id":113721437,"node_id":"U_kgDOBsdAXQ","avatar_url":"https://avatars.githubusercontent.com/u/113721437?v=4","gravatar_id":"","url":"https://api.github.com/users/therishabhsharma03","html_url":"https://github.com/therishabhsharma03","followers_url":"https://api.github.com/users/therishabhsharma03/followers","following_url":"https://api.github.com/users/therishabhsharma03/following{/other_user}","gists_url":"https://api.github.com/users/therishabhsharma03/gists{/gist_id}","starred_url":"https://api.github.com/users/therishabhsharma03/starred{/owner}{/repo}","subscriptions_url":"https://api.github.com/users/therishabhsharma03/subscriptions","organizations_url":"https://api.github.com/users/therishabhsharma03/orgs","repos_url":"https://api.github.com/users/therishabhsharma03/repos","events_url":"https://api.github.com/users/therishabhsharma03/events{/privacy}","received_events_url":"https://api.github.com/users/therishabhsharma03/received_events","type":"User","site_admin":false,"name":"Rishabh Sharma","company":null,"blog":"","location":null,"email":null,"hireable":null,"bio":null,"twitter_username":null,"public_repos":10,"public_gists":0,"followers":1,"following":1,"created_at":"2022-09-16T19:11:04Z","updated_at":"2023-06-07T15:47:13Z","private_gists":0,"total_private_repos":1,"owned_private_repos":1,"disk_usage":53793,"collaborators":0,"two_factor_authentication":false,"plan":{"name":"pro","space":976562499,"collaborators":0,"private_repos":9999}}
[info] 
[info] +  Success! Logged into GitHub as therishabhsharma03 
[info] 
